2024-04-01 22:06:25,430:WARNING:
'cuml' is a soft dependency and not included in the pycaret installation. Please run: `pip install cuml` to install.
2024-04-01 22:06:25,430:WARNING:
'cuml' is a soft dependency and not included in the pycaret installation. Please run: `pip install cuml` to install.
2024-04-01 22:06:25,430:WARNING:
'cuml' is a soft dependency and not included in the pycaret installation. Please run: `pip install cuml` to install.
2024-04-01 22:06:25,430:WARNING:
'cuml' is a soft dependency and not included in the pycaret installation. Please run: `pip install cuml` to install.
2024-04-01 22:06:26,674:INFO:PyCaret RegressionExperiment
2024-04-01 22:06:26,674:INFO:Logging name: reg-default-name
2024-04-01 22:06:26,674:INFO:ML Usecase: MLUsecase.REGRESSION
2024-04-01 22:06:26,675:INFO:version 3.3.0
2024-04-01 22:06:26,676:INFO:Initializing setup()
2024-04-01 22:06:26,676:INFO:self.USI: 0a40
2024-04-01 22:06:26,676:INFO:self._variable_keys: {'idx', 'gpu_param', '_available_plots', 'memory', 'y_test', 'n_jobs_param', 'pipeline', 'exp_name_log', 'transform_target_param', 'X_test', 'log_plots_param', 'y_train', 'target_param', 'USI', 'exp_id', '_ml_usecase', 'y', 'fold_generator', 'fold_groups_param', 'gpu_n_jobs_param', 'data', 'seed', 'X_train', 'logging_param', 'html_param', 'fold_shuffle_param', 'X'}
2024-04-01 22:06:26,676:INFO:Checking environment
2024-04-01 22:06:26,676:INFO:python_version: 3.11.7
2024-04-01 22:06:26,676:INFO:python_build: ('main', 'Dec 15 2023 18:05:47')
2024-04-01 22:06:26,677:INFO:machine: AMD64
2024-04-01 22:06:26,677:INFO:platform: Windows-10-10.0.22631-SP0
2024-04-01 22:06:26,687:INFO:Memory: svmem(total=6312697856, available=223559680, percent=96.5, used=6089138176, free=223559680)
2024-04-01 22:06:26,688:INFO:Physical Core: 4
2024-04-01 22:06:26,688:INFO:Logical Core: 8
2024-04-01 22:06:26,688:INFO:Checking libraries
2024-04-01 22:06:26,688:INFO:System:
2024-04-01 22:06:26,688:INFO:    python: 3.11.7 | packaged by Anaconda, Inc. | (main, Dec 15 2023, 18:05:47) [MSC v.1916 64 bit (AMD64)]
2024-04-01 22:06:26,688:INFO:executable: C:\Users\Caplogy_Data_002\anaconda3\python.exe
2024-04-01 22:06:26,688:INFO:   machine: Windows-10-10.0.22631-SP0
2024-04-01 22:06:26,689:INFO:PyCaret required dependencies:
2024-04-01 22:06:29,108:INFO:                 pip: 23.3.1
2024-04-01 22:06:29,108:INFO:          setuptools: 68.2.2
2024-04-01 22:06:29,108:INFO:             pycaret: 3.3.0
2024-04-01 22:06:29,108:INFO:             IPython: 8.20.0
2024-04-01 22:06:29,108:INFO:          ipywidgets: 7.6.5
2024-04-01 22:06:29,108:INFO:                tqdm: 4.65.0
2024-04-01 22:06:29,108:INFO:               numpy: 1.26.4
2024-04-01 22:06:29,108:INFO:              pandas: 2.1.4
2024-04-01 22:06:29,108:INFO:              jinja2: 3.1.3
2024-04-01 22:06:29,108:INFO:               scipy: 1.11.4
2024-04-01 22:06:29,108:INFO:              joblib: 1.2.0
2024-04-01 22:06:29,109:INFO:             sklearn: 1.4.1.post1
2024-04-01 22:06:29,109:INFO:                pyod: 1.1.3
2024-04-01 22:06:29,109:INFO:            imblearn: 0.12.0
2024-04-01 22:06:29,109:INFO:   category_encoders: 2.6.3
2024-04-01 22:06:29,109:INFO:            lightgbm: 4.3.0
2024-04-01 22:06:29,109:INFO:               numba: 0.59.0
2024-04-01 22:06:29,109:INFO:            requests: 2.31.0
2024-04-01 22:06:29,109:INFO:          matplotlib: 3.7.5
2024-04-01 22:06:29,110:INFO:          scikitplot: 0.3.7
2024-04-01 22:06:29,110:INFO:         yellowbrick: 1.5
2024-04-01 22:06:29,110:INFO:              plotly: 5.20.0
2024-04-01 22:06:29,110:INFO:    plotly-resampler: Not installed
2024-04-01 22:06:29,110:INFO:             kaleido: 0.2.1
2024-04-01 22:06:29,110:INFO:           schemdraw: 0.15
2024-04-01 22:06:29,110:INFO:         statsmodels: 0.14.0
2024-04-01 22:06:29,110:INFO:              sktime: 0.28.0
2024-04-01 22:06:29,110:INFO:               tbats: 1.1.3
2024-04-01 22:06:29,110:INFO:            pmdarima: 2.0.4
2024-04-01 22:06:29,110:INFO:              psutil: 5.9.0
2024-04-01 22:06:29,111:INFO:          markupsafe: 2.1.3
2024-04-01 22:06:29,111:INFO:             pickle5: Not installed
2024-04-01 22:06:29,111:INFO:         cloudpickle: 2.2.1
2024-04-01 22:06:29,111:INFO:         deprecation: 2.1.0
2024-04-01 22:06:29,111:INFO:              xxhash: 3.4.1
2024-04-01 22:06:29,111:INFO:           wurlitzer: Not installed
2024-04-01 22:06:29,111:INFO:PyCaret optional dependencies:
2024-04-01 22:06:34,626:INFO:                shap: 0.45.0
2024-04-01 22:06:34,627:INFO:           interpret: Not installed
2024-04-01 22:06:34,627:INFO:                umap: Not installed
2024-04-01 22:06:34,627:INFO:     ydata_profiling: Not installed
2024-04-01 22:06:34,627:INFO:  explainerdashboard: Not installed
2024-04-01 22:06:34,627:INFO:             autoviz: Not installed
2024-04-01 22:06:34,628:INFO:           fairlearn: Not installed
2024-04-01 22:06:34,628:INFO:          deepchecks: Not installed
2024-04-01 22:06:34,628:INFO:             xgboost: Not installed
2024-04-01 22:06:34,628:INFO:            catboost: Not installed
2024-04-01 22:06:34,628:INFO:              kmodes: Not installed
2024-04-01 22:06:34,628:INFO:             mlxtend: Not installed
2024-04-01 22:06:34,628:INFO:       statsforecast: Not installed
2024-04-01 22:06:34,628:INFO:        tune_sklearn: Not installed
2024-04-01 22:06:34,628:INFO:                 ray: Not installed
2024-04-01 22:06:34,628:INFO:            hyperopt: Not installed
2024-04-01 22:06:34,628:INFO:              optuna: Not installed
2024-04-01 22:06:34,629:INFO:               skopt: Not installed
2024-04-01 22:06:34,629:INFO:              mlflow: 2.11.3
2024-04-01 22:06:34,629:INFO:              gradio: 4.24.0
2024-04-01 22:06:34,629:INFO:             fastapi: 0.110.0
2024-04-01 22:06:34,629:INFO:             uvicorn: 0.29.0
2024-04-01 22:06:34,629:INFO:              m2cgen: Not installed
2024-04-01 22:06:34,629:INFO:           evidently: Not installed
2024-04-01 22:06:34,629:INFO:               fugue: Not installed
2024-04-01 22:06:34,629:INFO:           streamlit: 1.30.0
2024-04-01 22:06:34,629:INFO:             prophet: Not installed
2024-04-01 22:06:34,630:INFO:None
2024-04-01 22:06:34,630:INFO:Set up data.
2024-04-01 22:06:34,659:INFO:Set up folding strategy.
2024-04-01 22:06:34,659:INFO:Set up train/test split.
2024-04-01 22:06:34,680:INFO:Set up index.
2024-04-01 22:06:34,683:INFO:Assigning column types.
2024-04-01 22:06:34,691:INFO:Engine successfully changes for model 'lr' to 'sklearn'.
2024-04-01 22:06:34,692:INFO:Engine for model 'lasso' has not been set explicitly, hence returning None.
2024-04-01 22:06:34,704:INFO:Engine for model 'ridge' has not been set explicitly, hence returning None.
2024-04-01 22:06:34,711:INFO:Engine for model 'en' has not been set explicitly, hence returning None.
2024-04-01 22:06:34,809:INFO:Engine for model 'svm' has not been set explicitly, hence returning None.
2024-04-01 22:06:34,896:INFO:Engine for model 'knn' has not been set explicitly, hence returning None.
2024-04-01 22:06:34,899:WARNING:
'xgboost' is a soft dependency and not included in the pycaret installation. Please run: `pip install xgboost` to install.
Alternately, you can install this by running `pip install pycaret[models]`
2024-04-01 22:06:34,899:WARNING:
'catboost' is a soft dependency and not included in the pycaret installation. Please run: `pip install catboost` to install.
Alternately, you can install this by running `pip install pycaret[models]`
2024-04-01 22:06:34,900:INFO:Engine for model 'lasso' has not been set explicitly, hence returning None.
2024-04-01 22:06:34,910:INFO:Engine for model 'ridge' has not been set explicitly, hence returning None.
2024-04-01 22:06:34,922:INFO:Engine for model 'en' has not been set explicitly, hence returning None.
2024-04-01 22:06:35,042:INFO:Engine for model 'svm' has not been set explicitly, hence returning None.
2024-04-01 22:06:35,134:INFO:Engine for model 'knn' has not been set explicitly, hence returning None.
2024-04-01 22:06:35,135:WARNING:
'xgboost' is a soft dependency and not included in the pycaret installation. Please run: `pip install xgboost` to install.
Alternately, you can install this by running `pip install pycaret[models]`
2024-04-01 22:06:35,135:WARNING:
'catboost' is a soft dependency and not included in the pycaret installation. Please run: `pip install catboost` to install.
Alternately, you can install this by running `pip install pycaret[models]`
2024-04-01 22:06:35,135:INFO:Engine successfully changes for model 'lasso' to 'sklearn'.
2024-04-01 22:06:35,143:INFO:Engine for model 'ridge' has not been set explicitly, hence returning None.
2024-04-01 22:06:35,153:INFO:Engine for model 'en' has not been set explicitly, hence returning None.
2024-04-01 22:06:35,254:INFO:Engine for model 'svm' has not been set explicitly, hence returning None.
2024-04-01 22:06:35,351:INFO:Engine for model 'knn' has not been set explicitly, hence returning None.
2024-04-01 22:06:35,352:WARNING:
'xgboost' is a soft dependency and not included in the pycaret installation. Please run: `pip install xgboost` to install.
Alternately, you can install this by running `pip install pycaret[models]`
2024-04-01 22:06:35,352:WARNING:
'catboost' is a soft dependency and not included in the pycaret installation. Please run: `pip install catboost` to install.
Alternately, you can install this by running `pip install pycaret[models]`
2024-04-01 22:06:35,360:INFO:Engine for model 'ridge' has not been set explicitly, hence returning None.
2024-04-01 22:06:35,373:INFO:Engine for model 'en' has not been set explicitly, hence returning None.
2024-04-01 22:06:35,482:INFO:Engine for model 'svm' has not been set explicitly, hence returning None.
2024-04-01 22:06:35,560:INFO:Engine for model 'knn' has not been set explicitly, hence returning None.
2024-04-01 22:06:35,561:WARNING:
'xgboost' is a soft dependency and not included in the pycaret installation. Please run: `pip install xgboost` to install.
Alternately, you can install this by running `pip install pycaret[models]`
2024-04-01 22:06:35,562:WARNING:
'catboost' is a soft dependency and not included in the pycaret installation. Please run: `pip install catboost` to install.
Alternately, you can install this by running `pip install pycaret[models]`
2024-04-01 22:06:35,562:INFO:Engine successfully changes for model 'ridge' to 'sklearn'.
2024-04-01 22:06:35,585:INFO:Engine for model 'en' has not been set explicitly, hence returning None.
2024-04-01 22:06:35,702:INFO:Engine for model 'svm' has not been set explicitly, hence returning None.
2024-04-01 22:06:35,795:INFO:Engine for model 'knn' has not been set explicitly, hence returning None.
2024-04-01 22:06:35,796:WARNING:
'xgboost' is a soft dependency and not included in the pycaret installation. Please run: `pip install xgboost` to install.
Alternately, you can install this by running `pip install pycaret[models]`
2024-04-01 22:06:35,797:WARNING:
'catboost' is a soft dependency and not included in the pycaret installation. Please run: `pip install catboost` to install.
Alternately, you can install this by running `pip install pycaret[models]`
2024-04-01 22:06:35,812:INFO:Engine for model 'en' has not been set explicitly, hence returning None.
2024-04-01 22:06:35,926:INFO:Engine for model 'svm' has not been set explicitly, hence returning None.
2024-04-01 22:06:36,007:INFO:Engine for model 'knn' has not been set explicitly, hence returning None.
2024-04-01 22:06:36,008:WARNING:
'xgboost' is a soft dependency and not included in the pycaret installation. Please run: `pip install xgboost` to install.
Alternately, you can install this by running `pip install pycaret[models]`
2024-04-01 22:06:36,008:WARNING:
'catboost' is a soft dependency and not included in the pycaret installation. Please run: `pip install catboost` to install.
Alternately, you can install this by running `pip install pycaret[models]`
2024-04-01 22:06:36,009:INFO:Engine successfully changes for model 'en' to 'sklearn'.
2024-04-01 22:06:36,141:INFO:Engine for model 'svm' has not been set explicitly, hence returning None.
2024-04-01 22:06:36,227:INFO:Engine for model 'knn' has not been set explicitly, hence returning None.
2024-04-01 22:06:36,228:WARNING:
'xgboost' is a soft dependency and not included in the pycaret installation. Please run: `pip install xgboost` to install.
Alternately, you can install this by running `pip install pycaret[models]`
2024-04-01 22:06:36,228:WARNING:
'catboost' is a soft dependency and not included in the pycaret installation. Please run: `pip install catboost` to install.
Alternately, you can install this by running `pip install pycaret[models]`
2024-04-01 22:06:36,362:INFO:Engine for model 'svm' has not been set explicitly, hence returning None.
2024-04-01 22:06:36,455:INFO:Engine for model 'knn' has not been set explicitly, hence returning None.
2024-04-01 22:06:36,456:WARNING:
'xgboost' is a soft dependency and not included in the pycaret installation. Please run: `pip install xgboost` to install.
Alternately, you can install this by running `pip install pycaret[models]`
2024-04-01 22:06:36,456:WARNING:
'catboost' is a soft dependency and not included in the pycaret installation. Please run: `pip install catboost` to install.
Alternately, you can install this by running `pip install pycaret[models]`
2024-04-01 22:06:36,457:INFO:Engine successfully changes for model 'knn' to 'sklearn'.
2024-04-01 22:06:36,582:INFO:Engine for model 'svm' has not been set explicitly, hence returning None.
2024-04-01 22:06:36,674:WARNING:
'xgboost' is a soft dependency and not included in the pycaret installation. Please run: `pip install xgboost` to install.
Alternately, you can install this by running `pip install pycaret[models]`
2024-04-01 22:06:36,675:WARNING:
'catboost' is a soft dependency and not included in the pycaret installation. Please run: `pip install catboost` to install.
Alternately, you can install this by running `pip install pycaret[models]`
2024-04-01 22:06:36,823:INFO:Engine for model 'svm' has not been set explicitly, hence returning None.
2024-04-01 22:06:36,908:WARNING:
'xgboost' is a soft dependency and not included in the pycaret installation. Please run: `pip install xgboost` to install.
Alternately, you can install this by running `pip install pycaret[models]`
2024-04-01 22:06:36,908:WARNING:
'catboost' is a soft dependency and not included in the pycaret installation. Please run: `pip install catboost` to install.
Alternately, you can install this by running `pip install pycaret[models]`
2024-04-01 22:06:36,909:INFO:Engine successfully changes for model 'svm' to 'sklearn'.
2024-04-01 22:06:37,157:WARNING:
'xgboost' is a soft dependency and not included in the pycaret installation. Please run: `pip install xgboost` to install.
Alternately, you can install this by running `pip install pycaret[models]`
2024-04-01 22:06:37,157:WARNING:
'catboost' is a soft dependency and not included in the pycaret installation. Please run: `pip install catboost` to install.
Alternately, you can install this by running `pip install pycaret[models]`
2024-04-01 22:06:37,384:WARNING:
'xgboost' is a soft dependency and not included in the pycaret installation. Please run: `pip install xgboost` to install.
Alternately, you can install this by running `pip install pycaret[models]`
2024-04-01 22:06:37,384:WARNING:
'catboost' is a soft dependency and not included in the pycaret installation. Please run: `pip install catboost` to install.
Alternately, you can install this by running `pip install pycaret[models]`
2024-04-01 22:06:37,391:INFO:Preparing preprocessing pipeline...
2024-04-01 22:06:37,392:INFO:Set up simple imputation.
2024-04-01 22:06:37,400:INFO:Set up encoding of ordinal features.
2024-04-01 22:06:37,404:INFO:Set up encoding of categorical features.
2024-04-01 22:06:37,404:INFO:Set up polynomial features.
2024-04-01 22:06:37,404:INFO:Set up binning of numerical features.
2024-04-01 22:06:37,406:INFO:Set up feature normalization.
2024-04-01 22:06:37,671:WARNING:C:\Users\Caplogy_Data_002\anaconda3\Lib\site-packages\sklearn\preprocessing\_discretization.py:248: FutureWarning: In version 1.5 onwards, subsample=200_000 will be used by default. Set subsample explicitly to silence this warning in the mean time. Set subsample=None to disable subsampling explicitly.
  warnings.warn(

2024-04-01 22:06:38,359:INFO:Finished creating preprocessing pipeline.
2024-04-01 22:06:38,434:INFO:Pipeline: Pipeline(memory=FastMemory(location=C:\Users\CAPLOG~1\AppData\Local\Temp\joblib),
         steps=[('numerical_imputer',
                 TransformerWrapper(include=['age', 'bmi', 'children'],
                                    transformer=SimpleImputer())),
                ('categorical_imputer',
                 TransformerWrapper(include=['sex', 'smoker', 'region'],
                                    transformer=SimpleImputer(strategy='most_frequent'))),
                ('ordinal_encoding',
                 Transform...
                                    transformer=OneHotEncoder(cols=['region'],
                                                              handle_missing='return_nan',
                                                              use_cat_names=True))),
                ('polynomial_features',
                 TransformerWrapper(transformer=PolynomialFeatures(include_bias=False))),
                ('bin_numeric_features',
                 TransformerWrapper(include=['age', 'bmi'],
                                    transformer=KBinsDiscretizer(encode='ordinal',
                                                                 strategy='kmeans'))),
                ('normalize',
                 TransformerWrapper(transformer=StandardScaler()))])
2024-04-01 22:06:38,434:INFO:Creating final display dataframe.
2024-04-01 22:06:39,185:INFO:Setup _display_container:                     Description             Value
0                    Session id              3734
1                        Target           charges
2                   Target type        Regression
3           Original data shape         (1338, 7)
4        Transformed data shape        (1338, 55)
5   Transformed train set shape         (936, 55)
6    Transformed test set shape         (402, 55)
7              Numeric features                 3
8          Categorical features                 3
9                    Preprocess              True
10              Imputation type            simple
11           Numeric imputation              mean
12       Categorical imputation              mode
13     Maximum one-hot encoding                25
14              Encoding method              None
15          Polynomial features              True
16            Polynomial degree                 2
17                    Normalize              True
18             Normalize method            zscore
19               Fold Generator             KFold
20                  Fold Number                10
21                     CPU Jobs                -1
22                      Use GPU             False
23               Log Experiment             False
24              Experiment Name  reg-default-name
25                          USI              0a40
2024-04-01 22:06:39,460:WARNING:
'xgboost' is a soft dependency and not included in the pycaret installation. Please run: `pip install xgboost` to install.
Alternately, you can install this by running `pip install pycaret[models]`
2024-04-01 22:06:39,460:WARNING:
'catboost' is a soft dependency and not included in the pycaret installation. Please run: `pip install catboost` to install.
Alternately, you can install this by running `pip install pycaret[models]`
2024-04-01 22:06:39,684:WARNING:
'xgboost' is a soft dependency and not included in the pycaret installation. Please run: `pip install xgboost` to install.
Alternately, you can install this by running `pip install pycaret[models]`
2024-04-01 22:06:39,684:WARNING:
'catboost' is a soft dependency and not included in the pycaret installation. Please run: `pip install catboost` to install.
Alternately, you can install this by running `pip install pycaret[models]`
2024-04-01 22:06:39,699:WARNING:C:\Users\Caplogy_Data_002\anaconda3\Lib\site-packages\pycaret\internal\metrics.py:51: FutureWarning: The `needs_threshold` and `needs_proba` parameter are deprecated in version 1.4 and will be removed in 1.6. You can either let `response_method` be `None` or set it to `predict` to preserve the same behaviour.
  warnings.warn(

2024-04-01 22:06:39,700:INFO:setup() successfully completed in 13.23s...............
2024-04-01 22:06:43,105:INFO:Initializing create_model()
2024-04-01 22:06:43,106:INFO:create_model(self=<pycaret.regression.oop.RegressionExperiment object at 0x000001F0DFEFC8D0>, estimator=lr, fold=None, round=4, cross_validation=True, predict=True, fit_kwargs=None, groups=None, refit=True, probability_threshold=None, experiment_custom_tags=None, verbose=True, system=True, add_to_model_list=True, metrics=None, display=None, model_only=True, return_train_score=False, error_score=0.0, kwargs={})
2024-04-01 22:06:43,107:INFO:Checking exceptions
2024-04-01 22:06:43,144:INFO:Importing libraries
2024-04-01 22:06:43,145:INFO:Copying training dataset
2024-04-01 22:06:43,162:INFO:Defining folds
2024-04-01 22:06:43,162:INFO:Declaring metric variables
2024-04-01 22:06:43,173:INFO:Importing untrained model
2024-04-01 22:06:43,181:INFO:Linear Regression Imported successfully
2024-04-01 22:06:43,198:INFO:Starting cross validation
2024-04-01 22:06:43,222:INFO:Cross validating with KFold(n_splits=10, random_state=None, shuffle=False), n_jobs=-1
2024-04-01 22:07:45,475:WARNING:C:\Users\Caplogy_Data_002\anaconda3\Lib\site-packages\sklearn\preprocessing\_discretization.py:248: FutureWarning: In version 1.5 onwards, subsample=200_000 will be used by default. Set subsample explicitly to silence this warning in the mean time. Set subsample=None to disable subsampling explicitly.
  warnings.warn(

2024-04-01 22:07:45,492:WARNING:C:\Users\Caplogy_Data_002\anaconda3\Lib\site-packages\sklearn\preprocessing\_discretization.py:248: FutureWarning: In version 1.5 onwards, subsample=200_000 will be used by default. Set subsample explicitly to silence this warning in the mean time. Set subsample=None to disable subsampling explicitly.
  warnings.warn(

2024-04-01 22:07:45,502:WARNING:C:\Users\Caplogy_Data_002\anaconda3\Lib\site-packages\sklearn\preprocessing\_discretization.py:248: FutureWarning: In version 1.5 onwards, subsample=200_000 will be used by default. Set subsample explicitly to silence this warning in the mean time. Set subsample=None to disable subsampling explicitly.
  warnings.warn(

2024-04-01 22:07:45,507:WARNING:C:\Users\Caplogy_Data_002\anaconda3\Lib\site-packages\sklearn\preprocessing\_discretization.py:248: FutureWarning: In version 1.5 onwards, subsample=200_000 will be used by default. Set subsample explicitly to silence this warning in the mean time. Set subsample=None to disable subsampling explicitly.
  warnings.warn(

2024-04-01 22:07:45,515:WARNING:C:\Users\Caplogy_Data_002\anaconda3\Lib\site-packages\sklearn\preprocessing\_discretization.py:248: FutureWarning: In version 1.5 onwards, subsample=200_000 will be used by default. Set subsample explicitly to silence this warning in the mean time. Set subsample=None to disable subsampling explicitly.
  warnings.warn(

2024-04-01 22:07:45,530:WARNING:C:\Users\Caplogy_Data_002\anaconda3\Lib\site-packages\sklearn\preprocessing\_discretization.py:248: FutureWarning: In version 1.5 onwards, subsample=200_000 will be used by default. Set subsample explicitly to silence this warning in the mean time. Set subsample=None to disable subsampling explicitly.
  warnings.warn(

2024-04-01 22:07:45,573:WARNING:C:\Users\Caplogy_Data_002\anaconda3\Lib\site-packages\sklearn\preprocessing\_discretization.py:248: FutureWarning: In version 1.5 onwards, subsample=200_000 will be used by default. Set subsample explicitly to silence this warning in the mean time. Set subsample=None to disable subsampling explicitly.
  warnings.warn(

2024-04-01 22:07:45,593:WARNING:C:\Users\Caplogy_Data_002\anaconda3\Lib\site-packages\sklearn\preprocessing\_discretization.py:248: FutureWarning: In version 1.5 onwards, subsample=200_000 will be used by default. Set subsample explicitly to silence this warning in the mean time. Set subsample=None to disable subsampling explicitly.
  warnings.warn(

2024-04-01 22:07:46,672:WARNING:C:\Users\Caplogy_Data_002\anaconda3\Lib\site-packages\sklearn\preprocessing\_discretization.py:248: FutureWarning: In version 1.5 onwards, subsample=200_000 will be used by default. Set subsample explicitly to silence this warning in the mean time. Set subsample=None to disable subsampling explicitly.
  warnings.warn(

2024-04-01 22:07:46,677:WARNING:C:\Users\Caplogy_Data_002\anaconda3\Lib\site-packages\sklearn\preprocessing\_discretization.py:248: FutureWarning: In version 1.5 onwards, subsample=200_000 will be used by default. Set subsample explicitly to silence this warning in the mean time. Set subsample=None to disable subsampling explicitly.
  warnings.warn(

2024-04-01 22:07:46,920:INFO:Calculating mean and std
2024-04-01 22:07:49,224:INFO:Creating metrics dataframe
2024-04-01 22:07:49,345:INFO:Finalizing model
2024-04-01 22:07:50,654:WARNING:C:\Users\Caplogy_Data_002\anaconda3\Lib\site-packages\sklearn\preprocessing\_discretization.py:248: FutureWarning: In version 1.5 onwards, subsample=200_000 will be used by default. Set subsample explicitly to silence this warning in the mean time. Set subsample=None to disable subsampling explicitly.
  warnings.warn(

2024-04-01 22:07:51,196:INFO:Uploading results into container
2024-04-01 22:07:51,199:INFO:Uploading model into container now
2024-04-01 22:07:51,723:INFO:_master_model_container: 1
2024-04-01 22:07:51,723:INFO:_display_container: 2
2024-04-01 22:07:51,730:INFO:LinearRegression(n_jobs=-1)
2024-04-01 22:07:51,730:INFO:create_model() successfully completed......................................
2024-04-01 22:09:22,768:INFO:Initializing plot_model()
2024-04-01 22:09:22,769:INFO:plot_model(self=<pycaret.regression.oop.RegressionExperiment object at 0x000001F0DFEFC8D0>, estimator=LinearRegression(n_jobs=-1), plot=residuals, scale=1, save=False, fold=None, fit_kwargs=None, plot_kwargs=None, groups=None, feature_name=None, label=False, verbose=True, system=True, display=None, display_format=None)
2024-04-01 22:09:22,769:INFO:Checking exceptions
2024-04-01 22:09:22,784:INFO:Preloading libraries
2024-04-01 22:09:22,817:INFO:Copying training dataset
2024-04-01 22:09:22,817:INFO:Plot type: residuals
2024-04-01 22:09:23,166:INFO:Fitting Model
2024-04-01 22:09:23,169:WARNING:C:\Users\Caplogy_Data_002\anaconda3\Lib\site-packages\sklearn\base.py:493: UserWarning: X does not have valid feature names, but LinearRegression was fitted with feature names
  warnings.warn(

2024-04-01 22:09:23,264:INFO:Scoring test/hold-out set
2024-04-01 22:09:24,475:INFO:Visual Rendered Successfully
2024-04-01 22:09:24,678:INFO:plot_model() successfully completed......................................
2024-04-01 22:09:47,040:INFO:Initializing save_model()
2024-04-01 22:09:47,040:INFO:save_model(model=LinearRegression(n_jobs=-1), model_name=deployment_28042020, prep_pipe_=Pipeline(memory=FastMemory(location=C:\Users\CAPLOG~1\AppData\Local\Temp\joblib),
         steps=[('numerical_imputer',
                 TransformerWrapper(include=['age', 'bmi', 'children'],
                                    transformer=SimpleImputer())),
                ('categorical_imputer',
                 TransformerWrapper(include=['sex', 'smoker', 'region'],
                                    transformer=SimpleImputer(strategy='most_frequent'))),
                ('ordinal_encoding',
                 Transform...
                                    transformer=OneHotEncoder(cols=['region'],
                                                              handle_missing='return_nan',
                                                              use_cat_names=True))),
                ('polynomial_features',
                 TransformerWrapper(transformer=PolynomialFeatures(include_bias=False))),
                ('bin_numeric_features',
                 TransformerWrapper(include=['age', 'bmi'],
                                    transformer=KBinsDiscretizer(encode='ordinal',
                                                                 strategy='kmeans'))),
                ('normalize',
                 TransformerWrapper(transformer=StandardScaler()))]), verbose=True, use_case=MLUsecase.REGRESSION, kwargs={})
2024-04-01 22:09:47,041:INFO:Adding model into prep_pipe
2024-04-01 22:09:47,064:INFO:deployment_28042020.pkl saved in current working directory
2024-04-01 22:09:47,165:INFO:Pipeline(memory=Memory(location=None),
         steps=[('numerical_imputer',
                 TransformerWrapper(include=['age', 'bmi', 'children'],
                                    transformer=SimpleImputer())),
                ('categorical_imputer',
                 TransformerWrapper(include=['sex', 'smoker', 'region'],
                                    transformer=SimpleImputer(strategy='most_frequent'))),
                ('ordinal_encoding',
                 TransformerWrapper(include=['sex', 'smoker'],
                                    transfor...
                                                              use_cat_names=True))),
                ('polynomial_features',
                 TransformerWrapper(transformer=PolynomialFeatures(include_bias=False))),
                ('bin_numeric_features',
                 TransformerWrapper(include=['age', 'bmi'],
                                    transformer=KBinsDiscretizer(encode='ordinal',
                                                                 strategy='kmeans'))),
                ('normalize', TransformerWrapper(transformer=StandardScaler())),
                ('trained_model', LinearRegression(n_jobs=-1))])
2024-04-01 22:09:47,165:INFO:save_model() successfully completed......................................
2024-04-01 22:10:05,825:INFO:Initializing load_model()
2024-04-01 22:10:05,826:INFO:load_model(model_name=deployment_28042020, platform=None, authentication=None, verbose=True)
2024-04-02 19:45:08,217:WARNING:
'cuml' is a soft dependency and not included in the pycaret installation. Please run: `pip install cuml` to install.
2024-04-02 19:45:08,218:WARNING:
'cuml' is a soft dependency and not included in the pycaret installation. Please run: `pip install cuml` to install.
2024-04-02 19:45:08,218:WARNING:
'cuml' is a soft dependency and not included in the pycaret installation. Please run: `pip install cuml` to install.
2024-04-02 19:45:08,218:WARNING:
'cuml' is a soft dependency and not included in the pycaret installation. Please run: `pip install cuml` to install.
2024-04-02 19:45:09,222:INFO:Initializing load_model()
2024-04-02 19:45:09,222:INFO:load_model(model_name=deployment_28042020, platform=None, authentication=None, verbose=True)
2024-04-02 19:45:54,215:INFO:Initializing load_model()
2024-04-02 19:45:54,215:INFO:load_model(model_name=deployment_28042020, platform=None, authentication=None, verbose=True)
2024-04-02 19:46:02,895:INFO:Initializing load_model()
2024-04-02 19:46:02,895:INFO:load_model(model_name=deployment_28042020, platform=None, authentication=None, verbose=True)
2024-04-02 19:46:15,359:INFO:Initializing load_model()
2024-04-02 19:46:15,360:INFO:load_model(model_name=deployment_28042020, platform=None, authentication=None, verbose=True)
2024-04-02 19:46:27,940:INFO:Initializing load_model()
2024-04-02 19:46:27,940:INFO:load_model(model_name=deployment_28042020, platform=None, authentication=None, verbose=True)
2024-04-02 19:46:28,090:INFO:Initializing predict_model()
2024-04-02 19:46:28,091:INFO:predict_model(self=<pycaret.regression.oop.RegressionExperiment object at 0x000002C833B23050>, estimator=Pipeline(memory=Memory(location=None),
         steps=[('numerical_imputer',
                 TransformerWrapper(include=['age', 'bmi', 'children'],
                                    transformer=SimpleImputer())),
                ('categorical_imputer',
                 TransformerWrapper(include=['sex', 'smoker', 'region'],
                                    transformer=SimpleImputer(strategy='most_frequent'))),
                ('ordinal_encoding',
                 TransformerWrapper(include=['sex', 'smoker'],
                                    transfor...
                                                              use_cat_names=True))),
                ('polynomial_features',
                 TransformerWrapper(transformer=PolynomialFeatures(include_bias=False))),
                ('bin_numeric_features',
                 TransformerWrapper(include=['age', 'bmi'],
                                    transformer=KBinsDiscretizer(encode='ordinal',
                                                                 strategy='kmeans'))),
                ('normalize', TransformerWrapper(transformer=StandardScaler())),
                ('trained_model', LinearRegression(n_jobs=-1))]), probability_threshold=None, encoded_labels=False, raw_score=False, round=4, verbose=True, ml_usecase=None, preprocess=True, encode_labels=<function _SupervisedExperiment.predict_model.<locals>.encode_labels at 0x000002C833AF7B00>)
2024-04-02 19:46:28,091:INFO:Checking exceptions
2024-04-02 19:46:28,091:INFO:Preloading libraries
2024-04-02 19:46:28,098:INFO:Set up data.
2024-04-02 19:46:28,115:INFO:Set up index.
