2024-04-01 16:32:45,801:WARNING:
'cuml' is a soft dependency and not included in the pycaret installation. Please run: `pip install cuml` to install.
2024-04-01 16:32:45,802:WARNING:
'cuml' is a soft dependency and not included in the pycaret installation. Please run: `pip install cuml` to install.
2024-04-01 16:32:45,802:WARNING:
'cuml' is a soft dependency and not included in the pycaret installation. Please run: `pip install cuml` to install.
2024-04-01 16:32:45,802:WARNING:
'cuml' is a soft dependency and not included in the pycaret installation. Please run: `pip install cuml` to install.
2024-04-01 16:32:47,075:INFO:Initializing load_model()
2024-04-01 16:32:47,075:INFO:load_model(model_name=../API for Pycaret model/my_first_api, platform=None, authentication=None, verbose=True)
2024-04-01 16:33:43,626:WARNING:
'cuml' is a soft dependency and not included in the pycaret installation. Please run: `pip install cuml` to install.
2024-04-01 16:33:43,627:WARNING:
'cuml' is a soft dependency and not included in the pycaret installation. Please run: `pip install cuml` to install.
2024-04-01 16:33:43,627:WARNING:
'cuml' is a soft dependency and not included in the pycaret installation. Please run: `pip install cuml` to install.
2024-04-01 16:33:43,627:WARNING:
'cuml' is a soft dependency and not included in the pycaret installation. Please run: `pip install cuml` to install.
2024-04-01 16:33:44,965:INFO:Initializing load_model()
2024-04-01 16:33:44,965:INFO:load_model(model_name=../API for Pycaret model/my_first_api.pkl, platform=None, authentication=None, verbose=True)
2024-04-01 16:35:34,275:WARNING:
'cuml' is a soft dependency and not included in the pycaret installation. Please run: `pip install cuml` to install.
2024-04-01 16:35:34,276:WARNING:
'cuml' is a soft dependency and not included in the pycaret installation. Please run: `pip install cuml` to install.
2024-04-01 16:35:34,276:WARNING:
'cuml' is a soft dependency and not included in the pycaret installation. Please run: `pip install cuml` to install.
2024-04-01 16:35:34,276:WARNING:
'cuml' is a soft dependency and not included in the pycaret installation. Please run: `pip install cuml` to install.
2024-04-01 16:35:35,518:INFO:Initializing load_model()
2024-04-01 16:35:35,518:INFO:load_model(model_name=../13. MLOps Phase3 Model Serving Through APIs/worskapces6/API for Pycaret model/my_first_api, platform=None, authentication=None, verbose=True)
2024-04-01 16:36:18,294:WARNING:
'cuml' is a soft dependency and not included in the pycaret installation. Please run: `pip install cuml` to install.
2024-04-01 16:36:18,295:WARNING:
'cuml' is a soft dependency and not included in the pycaret installation. Please run: `pip install cuml` to install.
2024-04-01 16:36:18,296:WARNING:
'cuml' is a soft dependency and not included in the pycaret installation. Please run: `pip install cuml` to install.
2024-04-01 16:36:18,296:WARNING:
'cuml' is a soft dependency and not included in the pycaret installation. Please run: `pip install cuml` to install.
2024-04-01 16:36:19,572:INFO:Initializing load_model()
2024-04-01 16:36:19,572:INFO:load_model(model_name=./worskapces6/API for Pycaret model/my_first_api, platform=None, authentication=None, verbose=True)
2024-04-01 16:36:47,367:WARNING:
'cuml' is a soft dependency and not included in the pycaret installation. Please run: `pip install cuml` to install.
2024-04-01 16:36:47,367:WARNING:
'cuml' is a soft dependency and not included in the pycaret installation. Please run: `pip install cuml` to install.
2024-04-01 16:36:47,368:WARNING:
'cuml' is a soft dependency and not included in the pycaret installation. Please run: `pip install cuml` to install.
2024-04-01 16:36:47,368:WARNING:
'cuml' is a soft dependency and not included in the pycaret installation. Please run: `pip install cuml` to install.
2024-04-01 16:36:48,393:INFO:Initializing load_model()
2024-04-01 16:36:48,393:INFO:load_model(model_name=.../worskapces6/API for Pycaret model/my_first_api, platform=None, authentication=None, verbose=True)
2024-04-01 16:38:01,500:WARNING:
'cuml' is a soft dependency and not included in the pycaret installation. Please run: `pip install cuml` to install.
2024-04-01 16:38:01,502:WARNING:
'cuml' is a soft dependency and not included in the pycaret installation. Please run: `pip install cuml` to install.
2024-04-01 16:38:01,502:WARNING:
'cuml' is a soft dependency and not included in the pycaret installation. Please run: `pip install cuml` to install.
2024-04-01 16:38:01,502:WARNING:
'cuml' is a soft dependency and not included in the pycaret installation. Please run: `pip install cuml` to install.
2024-04-01 16:38:02,700:INFO:Initializing load_model()
2024-04-01 16:38:02,700:INFO:load_model(model_name=my_first_api.pkl, platform=None, authentication=None, verbose=True)
2024-04-01 16:38:28,593:WARNING:
'cuml' is a soft dependency and not included in the pycaret installation. Please run: `pip install cuml` to install.
2024-04-01 16:38:28,594:WARNING:
'cuml' is a soft dependency and not included in the pycaret installation. Please run: `pip install cuml` to install.
2024-04-01 16:38:28,594:WARNING:
'cuml' is a soft dependency and not included in the pycaret installation. Please run: `pip install cuml` to install.
2024-04-01 16:38:28,594:WARNING:
'cuml' is a soft dependency and not included in the pycaret installation. Please run: `pip install cuml` to install.
2024-04-01 16:38:29,774:INFO:Initializing load_model()
2024-04-01 16:38:29,774:INFO:load_model(model_name=my_first_api, platform=None, authentication=None, verbose=True)
2024-04-01 16:41:51,001:WARNING:
'cuml' is a soft dependency and not included in the pycaret installation. Please run: `pip install cuml` to install.
2024-04-01 16:41:51,001:WARNING:
'cuml' is a soft dependency and not included in the pycaret installation. Please run: `pip install cuml` to install.
2024-04-01 16:41:51,002:WARNING:
'cuml' is a soft dependency and not included in the pycaret installation. Please run: `pip install cuml` to install.
2024-04-01 16:41:51,002:WARNING:
'cuml' is a soft dependency and not included in the pycaret installation. Please run: `pip install cuml` to install.
2024-04-01 16:41:52,015:INFO:PyCaret RegressionExperiment
2024-04-01 16:41:52,015:INFO:Logging name: diamond
2024-04-01 16:41:52,016:INFO:ML Usecase: MLUsecase.REGRESSION
2024-04-01 16:41:52,016:INFO:version 3.3.0
2024-04-01 16:41:52,016:INFO:Initializing setup()
2024-04-01 16:41:52,016:INFO:self.USI: 8f7c
2024-04-01 16:41:52,016:INFO:self._variable_keys: {'memory', 'seed', 'fold_generator', 'logging_param', 'gpu_param', 'fold_shuffle_param', 'X_train', 'USI', 'html_param', 'data', 'y_train', 'X_test', 'transform_target_param', 'idx', 'exp_id', 'fold_groups_param', 'y_test', 'exp_name_log', 'n_jobs_param', 'y', 'log_plots_param', 'pipeline', 'gpu_n_jobs_param', 'target_param', '_ml_usecase', '_available_plots', 'X'}
2024-04-01 16:41:52,016:INFO:Checking environment
2024-04-01 16:41:52,016:INFO:python_version: 3.11.7
2024-04-01 16:41:52,016:INFO:python_build: ('main', 'Dec 15 2023 18:05:47')
2024-04-01 16:41:52,017:INFO:machine: AMD64
2024-04-01 16:41:52,017:INFO:platform: Windows-10-10.0.22631-SP0
2024-04-01 16:41:52,025:INFO:Memory: svmem(total=6312697856, available=501231616, percent=92.1, used=5811466240, free=501231616)
2024-04-01 16:41:52,025:INFO:Physical Core: 4
2024-04-01 16:41:52,025:INFO:Logical Core: 8
2024-04-01 16:41:52,025:INFO:Checking libraries
2024-04-01 16:41:52,025:INFO:System:
2024-04-01 16:41:52,025:INFO:    python: 3.11.7 | packaged by Anaconda, Inc. | (main, Dec 15 2023, 18:05:47) [MSC v.1916 64 bit (AMD64)]
2024-04-01 16:41:52,025:INFO:executable: C:\Users\Caplogy_Data_002\anaconda3\python.exe
2024-04-01 16:41:52,025:INFO:   machine: Windows-10-10.0.22631-SP0
2024-04-01 16:41:52,025:INFO:PyCaret required dependencies:
2024-04-01 16:41:54,228:INFO:                 pip: 23.3.1
2024-04-01 16:41:54,228:INFO:          setuptools: 68.2.2
2024-04-01 16:41:54,228:INFO:             pycaret: 3.3.0
2024-04-01 16:41:54,230:INFO:             IPython: 8.20.0
2024-04-01 16:41:54,230:INFO:          ipywidgets: 7.6.5
2024-04-01 16:41:54,230:INFO:                tqdm: 4.65.0
2024-04-01 16:41:54,230:INFO:               numpy: 1.26.4
2024-04-01 16:41:54,230:INFO:              pandas: 2.1.4
2024-04-01 16:41:54,230:INFO:              jinja2: 3.1.3
2024-04-01 16:41:54,231:INFO:               scipy: 1.11.4
2024-04-01 16:41:54,231:INFO:              joblib: 1.2.0
2024-04-01 16:41:54,231:INFO:             sklearn: 1.4.1.post1
2024-04-01 16:41:54,231:INFO:                pyod: 1.1.3
2024-04-01 16:41:54,231:INFO:            imblearn: 0.12.0
2024-04-01 16:41:54,231:INFO:   category_encoders: 2.6.3
2024-04-01 16:41:54,231:INFO:            lightgbm: 4.3.0
2024-04-01 16:41:54,232:INFO:               numba: 0.59.0
2024-04-01 16:41:54,232:INFO:            requests: 2.31.0
2024-04-01 16:41:54,232:INFO:          matplotlib: 3.7.5
2024-04-01 16:41:54,232:INFO:          scikitplot: 0.3.7
2024-04-01 16:41:54,232:INFO:         yellowbrick: 1.5
2024-04-01 16:41:54,232:INFO:              plotly: 5.20.0
2024-04-01 16:41:54,232:INFO:    plotly-resampler: Not installed
2024-04-01 16:41:54,232:INFO:             kaleido: 0.2.1
2024-04-01 16:41:54,233:INFO:           schemdraw: 0.15
2024-04-01 16:41:54,233:INFO:         statsmodels: 0.14.0
2024-04-01 16:41:54,233:INFO:              sktime: 0.28.0
2024-04-01 16:41:54,233:INFO:               tbats: 1.1.3
2024-04-01 16:41:54,233:INFO:            pmdarima: 2.0.4
2024-04-01 16:41:54,233:INFO:              psutil: 5.9.0
2024-04-01 16:41:54,233:INFO:          markupsafe: 2.1.3
2024-04-01 16:41:54,234:INFO:             pickle5: Not installed
2024-04-01 16:41:54,234:INFO:         cloudpickle: 2.2.1
2024-04-01 16:41:54,234:INFO:         deprecation: 2.1.0
2024-04-01 16:41:54,234:INFO:              xxhash: 3.4.1
2024-04-01 16:41:54,234:INFO:           wurlitzer: Not installed
2024-04-01 16:41:54,234:INFO:PyCaret optional dependencies:
2024-04-01 16:41:54,605:INFO:                shap: 0.45.0
2024-04-01 16:41:54,605:INFO:           interpret: Not installed
2024-04-01 16:41:54,605:INFO:                umap: Not installed
2024-04-01 16:41:54,605:INFO:     ydata_profiling: Not installed
2024-04-01 16:41:54,605:INFO:  explainerdashboard: Not installed
2024-04-01 16:41:54,605:INFO:             autoviz: Not installed
2024-04-01 16:41:54,605:INFO:           fairlearn: Not installed
2024-04-01 16:41:54,605:INFO:          deepchecks: Not installed
2024-04-01 16:41:54,606:INFO:             xgboost: Not installed
2024-04-01 16:41:54,606:INFO:            catboost: Not installed
2024-04-01 16:41:54,606:INFO:              kmodes: Not installed
2024-04-01 16:41:54,606:INFO:             mlxtend: Not installed
2024-04-01 16:41:54,606:INFO:       statsforecast: Not installed
2024-04-01 16:41:54,606:INFO:        tune_sklearn: Not installed
2024-04-01 16:41:54,606:INFO:                 ray: Not installed
2024-04-01 16:41:54,606:INFO:            hyperopt: Not installed
2024-04-01 16:41:54,606:INFO:              optuna: Not installed
2024-04-01 16:41:54,606:INFO:               skopt: Not installed
2024-04-01 16:41:54,606:INFO:              mlflow: 2.11.3
2024-04-01 16:41:54,606:INFO:              gradio: Not installed
2024-04-01 16:41:54,606:INFO:             fastapi: 0.110.0
2024-04-01 16:41:54,606:INFO:             uvicorn: 0.29.0
2024-04-01 16:41:54,606:INFO:              m2cgen: Not installed
2024-04-01 16:41:54,606:INFO:           evidently: Not installed
2024-04-01 16:41:54,606:INFO:               fugue: Not installed
2024-04-01 16:41:54,606:INFO:           streamlit: 1.30.0
2024-04-01 16:41:54,607:INFO:             prophet: Not installed
2024-04-01 16:41:54,607:INFO:None
2024-04-01 16:41:54,607:INFO:Set up data.
2024-04-01 16:41:54,646:INFO:Set up folding strategy.
2024-04-01 16:41:54,646:INFO:Set up train/test split.
2024-04-01 16:41:54,671:INFO:Set up index.
2024-04-01 16:41:54,673:INFO:Assigning column types.
2024-04-01 16:41:54,682:INFO:Engine successfully changes for model 'lr' to 'sklearn'.
2024-04-01 16:41:54,682:INFO:Engine for model 'lasso' has not been set explicitly, hence returning None.
2024-04-01 16:41:54,695:INFO:Engine for model 'ridge' has not been set explicitly, hence returning None.
2024-04-01 16:41:54,706:INFO:Engine for model 'en' has not been set explicitly, hence returning None.
2024-04-01 16:41:54,826:INFO:Engine for model 'svm' has not been set explicitly, hence returning None.
2024-04-01 16:41:54,921:INFO:Engine for model 'knn' has not been set explicitly, hence returning None.
2024-04-01 16:41:54,923:WARNING:
'xgboost' is a soft dependency and not included in the pycaret installation. Please run: `pip install xgboost` to install.
Alternately, you can install this by running `pip install pycaret[models]`
2024-04-01 16:41:54,923:WARNING:
'catboost' is a soft dependency and not included in the pycaret installation. Please run: `pip install catboost` to install.
Alternately, you can install this by running `pip install pycaret[models]`
2024-04-01 16:41:54,924:INFO:Engine for model 'lasso' has not been set explicitly, hence returning None.
2024-04-01 16:41:54,933:INFO:Engine for model 'ridge' has not been set explicitly, hence returning None.
2024-04-01 16:41:54,941:INFO:Engine for model 'en' has not been set explicitly, hence returning None.
2024-04-01 16:41:55,061:INFO:Engine for model 'svm' has not been set explicitly, hence returning None.
2024-04-01 16:41:55,149:INFO:Engine for model 'knn' has not been set explicitly, hence returning None.
2024-04-01 16:41:55,150:WARNING:
'xgboost' is a soft dependency and not included in the pycaret installation. Please run: `pip install xgboost` to install.
Alternately, you can install this by running `pip install pycaret[models]`
2024-04-01 16:41:55,151:WARNING:
'catboost' is a soft dependency and not included in the pycaret installation. Please run: `pip install catboost` to install.
Alternately, you can install this by running `pip install pycaret[models]`
2024-04-01 16:41:55,151:INFO:Engine successfully changes for model 'lasso' to 'sklearn'.
2024-04-01 16:41:55,159:INFO:Engine for model 'ridge' has not been set explicitly, hence returning None.
2024-04-01 16:41:55,169:INFO:Engine for model 'en' has not been set explicitly, hence returning None.
2024-04-01 16:41:55,277:INFO:Engine for model 'svm' has not been set explicitly, hence returning None.
2024-04-01 16:41:55,376:INFO:Engine for model 'knn' has not been set explicitly, hence returning None.
2024-04-01 16:41:55,377:WARNING:
'xgboost' is a soft dependency and not included in the pycaret installation. Please run: `pip install xgboost` to install.
Alternately, you can install this by running `pip install pycaret[models]`
2024-04-01 16:41:55,378:WARNING:
'catboost' is a soft dependency and not included in the pycaret installation. Please run: `pip install catboost` to install.
Alternately, you can install this by running `pip install pycaret[models]`
2024-04-01 16:41:55,386:INFO:Engine for model 'ridge' has not been set explicitly, hence returning None.
2024-04-01 16:41:55,393:INFO:Engine for model 'en' has not been set explicitly, hence returning None.
2024-04-01 16:41:55,508:INFO:Engine for model 'svm' has not been set explicitly, hence returning None.
2024-04-01 16:41:55,592:INFO:Engine for model 'knn' has not been set explicitly, hence returning None.
2024-04-01 16:41:55,593:WARNING:
'xgboost' is a soft dependency and not included in the pycaret installation. Please run: `pip install xgboost` to install.
Alternately, you can install this by running `pip install pycaret[models]`
2024-04-01 16:41:55,593:WARNING:
'catboost' is a soft dependency and not included in the pycaret installation. Please run: `pip install catboost` to install.
Alternately, you can install this by running `pip install pycaret[models]`
2024-04-01 16:41:55,594:INFO:Engine successfully changes for model 'ridge' to 'sklearn'.
2024-04-01 16:41:55,611:INFO:Engine for model 'en' has not been set explicitly, hence returning None.
2024-04-01 16:41:55,721:INFO:Engine for model 'svm' has not been set explicitly, hence returning None.
2024-04-01 16:41:55,815:INFO:Engine for model 'knn' has not been set explicitly, hence returning None.
2024-04-01 16:41:55,816:WARNING:
'xgboost' is a soft dependency and not included in the pycaret installation. Please run: `pip install xgboost` to install.
Alternately, you can install this by running `pip install pycaret[models]`
2024-04-01 16:41:55,817:WARNING:
'catboost' is a soft dependency and not included in the pycaret installation. Please run: `pip install catboost` to install.
Alternately, you can install this by running `pip install pycaret[models]`
2024-04-01 16:41:55,840:INFO:Engine for model 'en' has not been set explicitly, hence returning None.
2024-04-01 16:41:55,952:INFO:Engine for model 'svm' has not been set explicitly, hence returning None.
2024-04-01 16:41:56,039:INFO:Engine for model 'knn' has not been set explicitly, hence returning None.
2024-04-01 16:41:56,040:WARNING:
'xgboost' is a soft dependency and not included in the pycaret installation. Please run: `pip install xgboost` to install.
Alternately, you can install this by running `pip install pycaret[models]`
2024-04-01 16:41:56,040:WARNING:
'catboost' is a soft dependency and not included in the pycaret installation. Please run: `pip install catboost` to install.
Alternately, you can install this by running `pip install pycaret[models]`
2024-04-01 16:41:56,041:INFO:Engine successfully changes for model 'en' to 'sklearn'.
2024-04-01 16:41:56,164:INFO:Engine for model 'svm' has not been set explicitly, hence returning None.
2024-04-01 16:41:56,275:INFO:Engine for model 'knn' has not been set explicitly, hence returning None.
2024-04-01 16:41:56,277:WARNING:
'xgboost' is a soft dependency and not included in the pycaret installation. Please run: `pip install xgboost` to install.
Alternately, you can install this by running `pip install pycaret[models]`
2024-04-01 16:41:56,278:WARNING:
'catboost' is a soft dependency and not included in the pycaret installation. Please run: `pip install catboost` to install.
Alternately, you can install this by running `pip install pycaret[models]`
2024-04-01 16:41:56,408:INFO:Engine for model 'svm' has not been set explicitly, hence returning None.
2024-04-01 16:41:56,509:INFO:Engine for model 'knn' has not been set explicitly, hence returning None.
2024-04-01 16:41:56,510:WARNING:
'xgboost' is a soft dependency and not included in the pycaret installation. Please run: `pip install xgboost` to install.
Alternately, you can install this by running `pip install pycaret[models]`
2024-04-01 16:41:56,510:WARNING:
'catboost' is a soft dependency and not included in the pycaret installation. Please run: `pip install catboost` to install.
Alternately, you can install this by running `pip install pycaret[models]`
2024-04-01 16:41:56,510:INFO:Engine successfully changes for model 'knn' to 'sklearn'.
2024-04-01 16:41:56,626:INFO:Engine for model 'svm' has not been set explicitly, hence returning None.
2024-04-01 16:41:56,713:WARNING:
'xgboost' is a soft dependency and not included in the pycaret installation. Please run: `pip install xgboost` to install.
Alternately, you can install this by running `pip install pycaret[models]`
2024-04-01 16:41:56,714:WARNING:
'catboost' is a soft dependency and not included in the pycaret installation. Please run: `pip install catboost` to install.
Alternately, you can install this by running `pip install pycaret[models]`
2024-04-01 16:41:56,844:INFO:Engine for model 'svm' has not been set explicitly, hence returning None.
2024-04-01 16:41:56,943:WARNING:
'xgboost' is a soft dependency and not included in the pycaret installation. Please run: `pip install xgboost` to install.
Alternately, you can install this by running `pip install pycaret[models]`
2024-04-01 16:41:56,944:WARNING:
'catboost' is a soft dependency and not included in the pycaret installation. Please run: `pip install catboost` to install.
Alternately, you can install this by running `pip install pycaret[models]`
2024-04-01 16:41:56,944:INFO:Engine successfully changes for model 'svm' to 'sklearn'.
2024-04-01 16:41:57,191:WARNING:
'xgboost' is a soft dependency and not included in the pycaret installation. Please run: `pip install xgboost` to install.
Alternately, you can install this by running `pip install pycaret[models]`
2024-04-01 16:41:57,191:WARNING:
'catboost' is a soft dependency and not included in the pycaret installation. Please run: `pip install catboost` to install.
Alternately, you can install this by running `pip install pycaret[models]`
2024-04-01 16:41:57,426:WARNING:
'xgboost' is a soft dependency and not included in the pycaret installation. Please run: `pip install xgboost` to install.
Alternately, you can install this by running `pip install pycaret[models]`
2024-04-01 16:41:57,426:WARNING:
'catboost' is a soft dependency and not included in the pycaret installation. Please run: `pip install catboost` to install.
Alternately, you can install this by running `pip install pycaret[models]`
2024-04-01 16:41:57,431:INFO:Preparing preprocessing pipeline...
2024-04-01 16:41:57,431:INFO:Set up target transformation.
2024-04-01 16:41:57,432:INFO:Set up simple imputation.
2024-04-01 16:41:57,439:INFO:Set up encoding of ordinal features.
2024-04-01 16:41:57,441:INFO:Set up encoding of categorical features.
2024-04-01 16:41:57,442:INFO:Set up column name cleaning.
2024-04-01 16:41:57,850:INFO:Finished creating preprocessing pipeline.
2024-04-01 16:41:57,902:INFO:Pipeline: Pipeline(memory=FastMemory(location=C:\Users\CAPLOG~1\AppData\Local\Temp\joblib),
         steps=[('target_transformation',
                 TransformerWrapperWithInverse(transformer=TargetTransformer(estimator=PowerTransformer(standardize=False)))),
                ('numerical_imputer',
                 TransformerWrapper(include=['Carat Weight'],
                                    transformer=SimpleImputer())),
                ('categorical_imputer',
                 Transformer...
                                                                         'data_type': dtype('O'),
                                                                         'mapping': AGSL    0
GIA     1
NaN    -1
dtype: int64}]))),
                ('onehot_encoding',
                 TransformerWrapper(include=['Cut', 'Color', 'Clarity',
                                             'Polish', 'Symmetry'],
                                    transformer=OneHotEncoder(cols=['Cut',
                                                                    'Color',
                                                                    'Clarity',
                                                                    'Polish',
                                                                    'Symmetry'],
                                                              handle_missing='return_nan',
                                                              use_cat_names=True))),
                ('clean_column_names',
                 TransformerWrapper(transformer=CleanColumnNames()))])
2024-04-01 16:41:57,902:INFO:Creating final display dataframe.
2024-04-01 16:41:58,676:INFO:Setup _display_container:                     Description         Value
0                    Session id          2120
1                        Target         Price
2                   Target type    Regression
3           Original data shape     (6000, 8)
4        Transformed data shape    (6000, 29)
5   Transformed train set shape    (4200, 29)
6    Transformed test set shape    (1800, 29)
7              Numeric features             1
8          Categorical features             6
9                    Preprocess          True
10              Imputation type        simple
11           Numeric imputation          mean
12       Categorical imputation          mode
13     Maximum one-hot encoding            25
14              Encoding method          None
15             Transform target          True
16      Transform target method   yeo-johnson
17               Fold Generator         KFold
18                  Fold Number            10
19                     CPU Jobs            -1
20                      Use GPU         False
21               Log Experiment  MlflowLogger
22              Experiment Name       diamond
23                          USI          8f7c
2024-04-01 16:41:58,891:WARNING:
'xgboost' is a soft dependency and not included in the pycaret installation. Please run: `pip install xgboost` to install.
Alternately, you can install this by running `pip install pycaret[models]`
2024-04-01 16:41:58,891:WARNING:
'catboost' is a soft dependency and not included in the pycaret installation. Please run: `pip install catboost` to install.
Alternately, you can install this by running `pip install pycaret[models]`
2024-04-01 16:41:59,093:WARNING:
'xgboost' is a soft dependency and not included in the pycaret installation. Please run: `pip install xgboost` to install.
Alternately, you can install this by running `pip install pycaret[models]`
2024-04-01 16:41:59,093:WARNING:
'catboost' is a soft dependency and not included in the pycaret installation. Please run: `pip install catboost` to install.
Alternately, you can install this by running `pip install pycaret[models]`
2024-04-01 16:41:59,096:WARNING:C:\Users\Caplogy_Data_002\anaconda3\Lib\site-packages\pycaret\internal\metrics.py:51: FutureWarning: The `needs_threshold` and `needs_proba` parameter are deprecated in version 1.4 and will be removed in 1.6. You can either let `response_method` be `None` or set it to `predict` to preserve the same behaviour.
  warnings.warn(

2024-04-01 16:41:59,097:INFO:Logging experiment in loggers
2024-04-01 16:41:59,790:INFO:SubProcess save_model() called ==================================
2024-04-01 16:41:59,897:INFO:Initializing save_model()
2024-04-01 16:41:59,897:INFO:save_model(model=Pipeline(memory=FastMemory(location=C:\Users\CAPLOG~1\AppData\Local\Temp\joblib),
         steps=[('target_transformation',
                 TransformerWrapperWithInverse(transformer=TargetTransformer(estimator=PowerTransformer(standardize=False)))),
                ('numerical_imputer',
                 TransformerWrapper(include=['Carat Weight'],
                                    transformer=SimpleImputer())),
                ('categorical_imputer',
                 Transformer...
                                                                         'data_type': dtype('O'),
                                                                         'mapping': AGSL    0
GIA     1
NaN    -1
dtype: int64}]))),
                ('onehot_encoding',
                 TransformerWrapper(include=['Cut', 'Color', 'Clarity',
                                             'Polish', 'Symmetry'],
                                    transformer=OneHotEncoder(cols=['Cut',
                                                                    'Color',
                                                                    'Clarity',
                                                                    'Polish',
                                                                    'Symmetry'],
                                                              handle_missing='return_nan',
                                                              use_cat_names=True))),
                ('clean_column_names',
                 TransformerWrapper(transformer=CleanColumnNames()))]), model_name=C:\Users\CAPLOG~1\AppData\Local\Temp\tmpsnywt60s\Transformation Pipeline, prep_pipe_=Pipeline(memory=FastMemory(location=C:\Users\CAPLOG~1\AppData\Local\Temp\joblib),
         steps=[('target_transformation',
                 TransformerWrapperWithInverse(transformer=TargetTransformer(estimator=PowerTransformer(standardize=False)))),
                ('numerical_imputer',
                 TransformerWrapper(include=['Carat Weight'],
                                    transformer=SimpleImputer())),
                ('categorical_imputer',
                 Transformer...
                                                                         'data_type': dtype('O'),
                                                                         'mapping': AGSL    0
GIA     1
NaN    -1
dtype: int64}]))),
                ('onehot_encoding',
                 TransformerWrapper(include=['Cut', 'Color', 'Clarity',
                                             'Polish', 'Symmetry'],
                                    transformer=OneHotEncoder(cols=['Cut',
                                                                    'Color',
                                                                    'Clarity',
                                                                    'Polish',
                                                                    'Symmetry'],
                                                              handle_missing='return_nan',
                                                              use_cat_names=True))),
                ('clean_column_names',
                 TransformerWrapper(transformer=CleanColumnNames()))]), verbose=False, use_case=MLUsecase.REGRESSION, kwargs={})
2024-04-01 16:41:59,897:INFO:Adding model into prep_pipe
2024-04-01 16:41:59,897:WARNING:Only Model saved as it was a pipeline.
2024-04-01 16:41:59,937:INFO:C:\Users\CAPLOG~1\AppData\Local\Temp\tmpsnywt60s\Transformation Pipeline.pkl saved in current working directory
2024-04-01 16:42:00,000:INFO:Pipeline(memory=FastMemory(location=C:\Users\CAPLOG~1\AppData\Local\Temp\joblib),
         steps=[('target_transformation',
                 TransformerWrapperWithInverse(transformer=TargetTransformer(estimator=PowerTransformer(standardize=False)))),
                ('numerical_imputer',
                 TransformerWrapper(include=['Carat Weight'],
                                    transformer=SimpleImputer())),
                ('categorical_imputer',
                 Transformer...
                                                                         'data_type': dtype('O'),
                                                                         'mapping': AGSL    0
GIA     1
NaN    -1
dtype: int64}]))),
                ('onehot_encoding',
                 TransformerWrapper(include=['Cut', 'Color', 'Clarity',
                                             'Polish', 'Symmetry'],
                                    transformer=OneHotEncoder(cols=['Cut',
                                                                    'Color',
                                                                    'Clarity',
                                                                    'Polish',
                                                                    'Symmetry'],
                                                              handle_missing='return_nan',
                                                              use_cat_names=True))),
                ('clean_column_names',
                 TransformerWrapper(transformer=CleanColumnNames()))])
2024-04-01 16:42:00,000:INFO:save_model() successfully completed......................................
2024-04-01 16:42:00,216:INFO:SubProcess save_model() end ==================================
2024-04-01 16:42:00,386:INFO:setup() successfully completed in 7.17s...............
2024-04-01 16:42:19,273:INFO:Initializing create_model()
2024-04-01 16:42:19,274:INFO:create_model(self=<pycaret.regression.oop.RegressionExperiment object at 0x000002576B1D0B90>, estimator=lightgbm, fold=None, round=4, cross_validation=True, predict=True, fit_kwargs=None, groups=None, refit=True, probability_threshold=None, experiment_custom_tags=None, verbose=True, system=True, add_to_model_list=True, metrics=None, display=None, model_only=True, return_train_score=False, error_score=0.0, kwargs={})
2024-04-01 16:42:19,274:INFO:Checking exceptions
2024-04-01 16:42:19,310:INFO:Importing libraries
2024-04-01 16:42:19,311:INFO:Copying training dataset
2024-04-01 16:42:19,332:INFO:Defining folds
2024-04-01 16:42:19,332:INFO:Declaring metric variables
2024-04-01 16:42:19,341:INFO:Importing untrained model
2024-04-01 16:42:19,349:INFO:Light Gradient Boosting Machine Imported successfully
2024-04-01 16:42:19,367:INFO:Starting cross validation
2024-04-01 16:42:19,403:INFO:Cross validating with KFold(n_splits=10, random_state=None, shuffle=False), n_jobs=-1
2024-04-01 16:42:43,653:INFO:Calculating mean and std
2024-04-01 16:42:43,655:INFO:Creating metrics dataframe
2024-04-01 16:42:43,668:INFO:Finalizing model
2024-04-01 16:42:43,957:INFO:[LightGBM] [Warning] Found whitespace in feature_names, replace with underlines
2024-04-01 16:42:43,959:INFO:[LightGBM] [Info] Auto-choosing col-wise multi-threading, the overhead of testing was 0.000418 seconds.
2024-04-01 16:42:43,959:INFO:You can set `force_col_wise=true` to remove the overhead.
2024-04-01 16:42:43,960:INFO:[LightGBM] [Info] Total Bins 214
2024-04-01 16:42:43,961:INFO:[LightGBM] [Info] Number of data points in the train set: 4200, number of used features: 27
2024-04-01 16:42:43,961:INFO:[LightGBM] [Info] Start training from score 2.690618
2024-04-01 16:42:44,239:INFO:Creating Dashboard logs
2024-04-01 16:42:44,247:INFO:Model: Light Gradient Boosting Machine
2024-04-01 16:42:44,400:INFO:Logged params: {'boosting_type': 'gbdt', 'class_weight': None, 'colsample_bytree': 1.0, 'importance_type': 'split', 'learning_rate': 0.1, 'max_depth': -1, 'min_child_samples': 20, 'min_child_weight': 0.001, 'min_split_gain': 0.0, 'n_estimators': 100, 'n_jobs': -1, 'num_leaves': 31, 'objective': None, 'random_state': 2120, 'reg_alpha': 0.0, 'reg_lambda': 0.0, 'subsample': 1.0, 'subsample_for_bin': 200000, 'subsample_freq': 0}
2024-04-01 16:42:44,844:INFO:Initializing predict_model()
2024-04-01 16:42:44,844:INFO:predict_model(self=<pycaret.regression.oop.RegressionExperiment object at 0x000002576B1D0B90>, estimator=LGBMRegressor(n_jobs=-1, random_state=2120), probability_threshold=None, encoded_labels=False, raw_score=False, round=4, verbose=False, ml_usecase=None, preprocess=True, encode_labels=<function _SupervisedExperiment.predict_model.<locals>.encode_labels at 0x0000025777CEAF20>)
2024-04-01 16:42:44,844:INFO:Checking exceptions
2024-04-01 16:42:44,844:INFO:Preloading libraries
2024-04-01 16:42:44,980:WARNING:C:\Users\Caplogy_Data_002\anaconda3\Lib\site-packages\sklearn\metrics\_regression.py:483: FutureWarning: 'squared' is deprecated in version 1.4 and will be removed in 1.6. To calculate the root mean squared error, use the function'root_mean_squared_error'.
  warnings.warn(

2024-04-01 16:42:45,266:WARNING:C:\Users\Caplogy_Data_002\anaconda3\Lib\site-packages\_distutils_hack\__init__.py:33: UserWarning: Setuptools is replacing distutils.
  warnings.warn("Setuptools is replacing distutils.")

2024-04-01 16:42:55,705:INFO:Uploading results into container
2024-04-01 16:42:55,706:INFO:Uploading model into container now
2024-04-01 16:42:55,727:INFO:_master_model_container: 1
2024-04-01 16:42:55,728:INFO:_display_container: 2
2024-04-01 16:42:55,729:INFO:LGBMRegressor(n_jobs=-1, random_state=2120)
2024-04-01 16:42:55,731:INFO:create_model() successfully completed......................................
2024-04-01 16:44:10,366:INFO:Soft dependency imported: fastapi: 0.110.0
2024-04-01 16:44:10,366:INFO:Soft dependency imported: uvicorn: 0.29.0
2024-04-01 16:44:10,366:INFO:Soft dependency imported: pydantic: 1.10.12
2024-04-01 16:44:10,431:INFO:Initializing save_model()
2024-04-01 16:44:10,431:INFO:save_model(model=LGBMRegressor(n_jobs=-1, random_state=2120), model_name=my_first_api, prep_pipe_=Pipeline(memory=FastMemory(location=C:\Users\CAPLOG~1\AppData\Local\Temp\joblib),
         steps=[('target_transformation',
                 TransformerWrapperWithInverse(transformer=TargetTransformer(estimator=PowerTransformer(standardize=False)))),
                ('numerical_imputer',
                 TransformerWrapper(include=['Carat Weight'],
                                    transformer=SimpleImputer())),
                ('categorical_imputer',
                 Transformer...
                                                                         'data_type': dtype('O'),
                                                                         'mapping': AGSL    0
GIA     1
NaN    -1
dtype: int64}]))),
                ('onehot_encoding',
                 TransformerWrapper(include=['Cut', 'Color', 'Clarity',
                                             'Polish', 'Symmetry'],
                                    transformer=OneHotEncoder(cols=['Cut',
                                                                    'Color',
                                                                    'Clarity',
                                                                    'Polish',
                                                                    'Symmetry'],
                                                              handle_missing='return_nan',
                                                              use_cat_names=True))),
                ('clean_column_names',
                 TransformerWrapper(transformer=CleanColumnNames()))]), verbose=False, use_case=MLUsecase.REGRESSION, kwargs={})
2024-04-01 16:44:10,431:INFO:Adding model into prep_pipe
2024-04-01 16:44:10,467:INFO:my_first_api.pkl saved in current working directory
2024-04-01 16:44:10,537:INFO:Pipeline(memory=Memory(location=None),
         steps=[('target_transformation',
                 TransformerWrapperWithInverse(transformer=TargetTransformer(estimator=PowerTransformer(standardize=False)))),
                ('numerical_imputer',
                 TransformerWrapper(include=['Carat Weight'],
                                    transformer=SimpleImputer())),
                ('categorical_imputer',
                 TransformerWrapper(include=['Cut', 'Color', 'Clarity',
                                             'P...
                ('onehot_encoding',
                 TransformerWrapper(include=['Cut', 'Color', 'Clarity',
                                             'Polish', 'Symmetry'],
                                    transformer=OneHotEncoder(cols=['Cut',
                                                                    'Color',
                                                                    'Clarity',
                                                                    'Polish',
                                                                    'Symmetry'],
                                                              handle_missing='return_nan',
                                                              use_cat_names=True))),
                ('clean_column_names',
                 TransformerWrapper(transformer=CleanColumnNames())),
                ('trained_model', LGBMRegressor(n_jobs=-1, random_state=2120))])
2024-04-01 16:44:10,537:INFO:save_model() successfully completed......................................
2024-04-01 16:44:35,926:WARNING:
'cuml' is a soft dependency and not included in the pycaret installation. Please run: `pip install cuml` to install.
2024-04-01 16:44:35,927:WARNING:
'cuml' is a soft dependency and not included in the pycaret installation. Please run: `pip install cuml` to install.
2024-04-01 16:44:35,927:WARNING:
'cuml' is a soft dependency and not included in the pycaret installation. Please run: `pip install cuml` to install.
2024-04-01 16:44:35,927:WARNING:
'cuml' is a soft dependency and not included in the pycaret installation. Please run: `pip install cuml` to install.
2024-04-01 16:44:37,325:INFO:Initializing load_model()
2024-04-01 16:44:37,325:INFO:load_model(model_name=my_first_api, platform=None, authentication=None, verbose=True)
2024-04-01 16:45:49,627:INFO:Initializing predict_model()
2024-04-01 16:45:49,627:INFO:predict_model(self=<pycaret.regression.oop.RegressionExperiment object at 0x000001BDB77ADB90>, estimator=Pipeline(memory=Memory(location=None),
         steps=[('target_transformation',
                 TransformerWrapperWithInverse(transformer=TargetTransformer(estimator=PowerTransformer(standardize=False)))),
                ('numerical_imputer',
                 TransformerWrapper(include=['Carat Weight'],
                                    transformer=SimpleImputer())),
                ('categorical_imputer',
                 TransformerWrapper(include=['Cut', 'Color', 'Clarity',
                                             'P...
                ('onehot_encoding',
                 TransformerWrapper(include=['Cut', 'Color', 'Clarity',
                                             'Polish', 'Symmetry'],
                                    transformer=OneHotEncoder(cols=['Cut',
                                                                    'Color',
                                                                    'Clarity',
                                                                    'Polish',
                                                                    'Symmetry'],
                                                              handle_missing='return_nan',
                                                              use_cat_names=True))),
                ('clean_column_names',
                 TransformerWrapper(transformer=CleanColumnNames())),
                ('trained_model', LGBMRegressor(n_jobs=-1, random_state=2120))]), probability_threshold=None, encoded_labels=False, raw_score=False, round=4, verbose=True, ml_usecase=None, preprocess=True, encode_labels=<function _SupervisedExperiment.predict_model.<locals>.encode_labels at 0x000001BDB77CBCE0>)
2024-04-01 16:45:49,627:INFO:Checking exceptions
2024-04-01 16:45:49,627:INFO:Preloading libraries
2024-04-01 16:45:49,629:INFO:Set up data.
2024-04-01 16:45:49,638:INFO:Set up index.
2024-04-01 16:49:50,682:WARNING:
'cuml' is a soft dependency and not included in the pycaret installation. Please run: `pip install cuml` to install.
2024-04-01 16:49:50,684:WARNING:
'cuml' is a soft dependency and not included in the pycaret installation. Please run: `pip install cuml` to install.
2024-04-01 16:49:50,684:WARNING:
'cuml' is a soft dependency and not included in the pycaret installation. Please run: `pip install cuml` to install.
2024-04-01 16:49:50,684:WARNING:
'cuml' is a soft dependency and not included in the pycaret installation. Please run: `pip install cuml` to install.
2024-04-01 16:49:51,841:INFO:Initializing load_model()
2024-04-01 16:49:51,841:INFO:load_model(model_name=my_first_api, platform=None, authentication=None, verbose=True)
2024-04-01 16:51:26,209:WARNING:
'cuml' is a soft dependency and not included in the pycaret installation. Please run: `pip install cuml` to install.
2024-04-01 16:51:26,211:WARNING:
'cuml' is a soft dependency and not included in the pycaret installation. Please run: `pip install cuml` to install.
2024-04-01 16:51:26,211:WARNING:
'cuml' is a soft dependency and not included in the pycaret installation. Please run: `pip install cuml` to install.
2024-04-01 16:51:26,211:WARNING:
'cuml' is a soft dependency and not included in the pycaret installation. Please run: `pip install cuml` to install.
2024-04-01 16:51:27,484:INFO:Initializing load_model()
2024-04-01 16:51:27,485:INFO:load_model(model_name=my_first_api, platform=None, authentication=None, verbose=True)
2024-04-01 16:52:50,933:WARNING:
'cuml' is a soft dependency and not included in the pycaret installation. Please run: `pip install cuml` to install.
2024-04-01 16:52:50,934:WARNING:
'cuml' is a soft dependency and not included in the pycaret installation. Please run: `pip install cuml` to install.
2024-04-01 16:52:50,934:WARNING:
'cuml' is a soft dependency and not included in the pycaret installation. Please run: `pip install cuml` to install.
2024-04-01 16:52:50,935:WARNING:
'cuml' is a soft dependency and not included in the pycaret installation. Please run: `pip install cuml` to install.
2024-04-01 16:52:52,323:INFO:Initializing load_model()
2024-04-01 16:52:52,323:INFO:load_model(model_name=my_first_api, platform=None, authentication=None, verbose=True)
2024-04-01 16:53:48,209:WARNING:
'cuml' is a soft dependency and not included in the pycaret installation. Please run: `pip install cuml` to install.
2024-04-01 16:53:48,210:WARNING:
'cuml' is a soft dependency and not included in the pycaret installation. Please run: `pip install cuml` to install.
2024-04-01 16:53:48,210:WARNING:
'cuml' is a soft dependency and not included in the pycaret installation. Please run: `pip install cuml` to install.
2024-04-01 16:53:48,210:WARNING:
'cuml' is a soft dependency and not included in the pycaret installation. Please run: `pip install cuml` to install.
2024-04-01 16:53:49,408:INFO:Initializing load_model()
2024-04-01 16:53:49,408:INFO:load_model(model_name=diamond-pipeline, platform=None, authentication=None, verbose=True)
2024-04-01 17:03:24,907:WARNING:
'cuml' is a soft dependency and not included in the pycaret installation. Please run: `pip install cuml` to install.
2024-04-01 17:03:24,908:WARNING:
'cuml' is a soft dependency and not included in the pycaret installation. Please run: `pip install cuml` to install.
2024-04-01 17:03:24,908:WARNING:
'cuml' is a soft dependency and not included in the pycaret installation. Please run: `pip install cuml` to install.
2024-04-01 17:03:24,908:WARNING:
'cuml' is a soft dependency and not included in the pycaret installation. Please run: `pip install cuml` to install.
2024-04-01 17:03:26,052:INFO:Initializing load_model()
2024-04-01 17:03:26,052:INFO:load_model(model_name=diamond-pipeline, platform=None, authentication=None, verbose=True)
2024-04-01 17:07:11,084:WARNING:
'cuml' is a soft dependency and not included in the pycaret installation. Please run: `pip install cuml` to install.
2024-04-01 17:07:11,085:WARNING:
'cuml' is a soft dependency and not included in the pycaret installation. Please run: `pip install cuml` to install.
2024-04-01 17:07:11,085:WARNING:
'cuml' is a soft dependency and not included in the pycaret installation. Please run: `pip install cuml` to install.
2024-04-01 17:07:11,085:WARNING:
'cuml' is a soft dependency and not included in the pycaret installation. Please run: `pip install cuml` to install.
2024-04-01 17:07:12,336:INFO:Initializing load_model()
2024-04-01 17:07:12,336:INFO:load_model(model_name=my-first-api, platform=None, authentication=None, verbose=True)
2024-04-01 17:07:55,174:WARNING:
'cuml' is a soft dependency and not included in the pycaret installation. Please run: `pip install cuml` to install.
2024-04-01 17:07:55,175:WARNING:
'cuml' is a soft dependency and not included in the pycaret installation. Please run: `pip install cuml` to install.
2024-04-01 17:07:55,175:WARNING:
'cuml' is a soft dependency and not included in the pycaret installation. Please run: `pip install cuml` to install.
2024-04-01 17:07:55,175:WARNING:
'cuml' is a soft dependency and not included in the pycaret installation. Please run: `pip install cuml` to install.
2024-04-01 17:07:56,464:INFO:Initializing load_model()
2024-04-01 17:07:56,464:INFO:load_model(model_name=my_first_api, platform=None, authentication=None, verbose=True)
